Using pre-set license
Built from '2020.3/staging' branch; Version is '2020.3.10f1 (297d780c91bc) revision 2719096'; Using compiler version '192528614'; Build Type 'Release'
OS: 'Windows 10 Enterprise; OS build 19043.928; Version 2009; 64bit' Language: 'en' Physical Memory: 12169 MB
BatchMode: 1, IsHumanControllingUs: 0, StartBugReporterOnCrash: 0, Is64bit: 1, IsPro: 0

 COMMAND LINE ARGUMENTS:
D:\Program Files\Unity\2020.3.10f1\Editor\Unity.exe
-adb2
-batchMode
-noUpm
-name
AssetImportWorker0
-projectPath
D:/Code/Periodic-Table
-logFile
Logs/AssetImportWorker0.log
-srvPort
59800
Successfully changed project path to: D:/Code/Periodic-Table
D:/Code/Periodic-Table
Using Asset Import Pipeline V2.
Refreshing native plugins compatible for Editor in 163.82 ms, found 2 plugins.
Preloading 0 native plugins for Editor in 0.00 ms.
Initialize engine version: 2020.3.10f1 (297d780c91bc)
[Subsystems] Discovering subsystems at path D:/Program Files/Unity/2020.3.10f1/Editor/Data/Resources/UnitySubsystems
[Subsystems] Discovering subsystems at path D:/Code/Periodic-Table/Assets
GfxDevice: creating device client; threaded=0
Direct3D:
    Version:  Direct3D 11.0 [level 11.0]
    Renderer: NVIDIA GeForce 930MX (ID=0x134e)
    Vendor:   
    VRAM:     2010 MB
    Driver:   27.21.14.6647
Initialize mono
Mono path[0] = 'D:/Program Files/Unity/2020.3.10f1/Editor/Data/Managed'
Mono path[1] = 'D:/Program Files/Unity/2020.3.10f1/Editor/Data/MonoBleedingEdge/lib/mono/unityjit'
Mono config path = 'D:/Program Files/Unity/2020.3.10f1/Editor/Data/MonoBleedingEdge/etc'
Using monoOptions --debugger-agent=transport=dt_socket,embedding=1,server=y,suspend=n,address=127.0.0.1:56932
Begin MonoManager ReloadAssembly
Registering precompiled unity dll's ...
Register platform support module: D:/Program Files/Unity/2020.3.10f1/Editor/Data/PlaybackEngines/WebGLSupport/UnityEditor.WebGL.Extensions.dll
Register platform support module: D:/Program Files/Unity/2020.3.10f1/Editor/Data/PlaybackEngines/MacStandaloneSupport/UnityEditor.OSXStandalone.Extensions.dll
Register platform support module: D:/Program Files/Unity/2020.3.10f1/Editor/Data/PlaybackEngines/WindowsStandaloneSupport/UnityEditor.WindowsStandalone.Extensions.dll
Register platform support module: D:/Program Files/Unity/2020.3.10f1/Editor/Data/PlaybackEngines/LinuxStandaloneSupport/UnityEditor.LinuxStandalone.Extensions.dll
Register platform support module: D:/Program Files/Unity/2020.3.10f1/Editor/Data/PlaybackEngines/LuminSupport/UnityEditor.Lumin.Extensions.dll
Registered in 0.003317 seconds.
Native extension for Lumin target not found
Native extension for LinuxStandalone target not found
Native extension for WindowsStandalone target not found
Native extension for OSXStandalone target not found
Native extension for WebGL target not found
Refreshing native plugins compatible for Editor in 54.55 ms, found 2 plugins.
Preloading 0 native plugins for Editor in 0.00 ms.
Mono: successfully reloaded assembly
- Completed reload, in  3.707 seconds
Platform modules already initialized, skipping
Registering precompiled user dll's ...
Registered in 0.021619 seconds.
Begin MonoManager ReloadAssembly
Native extension for Lumin target not found
Native extension for LinuxStandalone target not found
Native extension for WindowsStandalone target not found
Native extension for OSXStandalone target not found
Native extension for WebGL target not found
Refreshing native plugins compatible for Editor in 0.48 ms, found 2 plugins.
Preloading 0 native plugins for Editor in 0.00 ms.
Mono: successfully reloaded assembly
- Completed reload, in  5.781 seconds
Platform modules already initialized, skipping
========================================================================
Worker process is ready to serve import requests
Launched and connected shader compiler UnityShaderCompiler.exe after 0.29 seconds
Refreshing native plugins compatible for Editor in 0.44 ms, found 2 plugins.
Preloading 0 native plugins for Editor in 0.00 ms.
Unloading 1519 Unused Serialized files (Serialized files now loaded: 0)
System memory in use before: 76.8 MB.
System memory in use after: 76.8 MB.

Unloading 18 unused Assets to reduce memory usage. Loaded Objects now: 1952.
Total: 3.571700 ms (FindLiveObjects: 0.299500 ms CreateObjectMapping: 0.182800 ms MarkObjects: 2.956600 ms  DeleteObjects: 0.130800 ms)

========================================================================
Received Import Request.
  path: Assets/Textures/atomic logo.png
  artifactKey: Guid(aa8bfe393c9d79142958966f299c66f6) Importer(815301076,1909f56bfc062723c751e8b465ee728b)
Start importing Assets/Textures/atomic logo.png using Guid(aa8bfe393c9d79142958966f299c66f6) Importer(815301076,1909f56bfc062723c751e8b465ee728b)  -> (artifact id: 'c5c7566406a8c808a04878afb3bde04b') in 0.642930 seconds
  Import took 0.683999 seconds .

========================================================================
Received Import Request.
  Time since last request: 0.007185 seconds.
  path: Assets/Textures/PlayerIcon/Mix_atomic.png
  artifactKey: Guid(6a7b2918859da9f4e85ee05d825aa466) Importer(815301076,1909f56bfc062723c751e8b465ee728b)
Start importing Assets/Textures/PlayerIcon/Mix_atomic.png using Guid(6a7b2918859da9f4e85ee05d825aa466) Importer(815301076,1909f56bfc062723c751e8b465ee728b)  -> (artifact id: 'bfe970ff0b4ed593dc996f4abdafe49a') in 0.039196 seconds
  Import took 0.055368 seconds .

========================================================================
Received Import Request.
  Time since last request: 0.000317 seconds.
  path: Assets/Textures/PlayerIcon/Front_atomic.png
  artifactKey: Guid(51c8f86b1ffca67418732fd262a6975d) Importer(815301076,1909f56bfc062723c751e8b465ee728b)
Start importing Assets/Textures/PlayerIcon/Front_atomic.png using Guid(51c8f86b1ffca67418732fd262a6975d) Importer(815301076,1909f56bfc062723c751e8b465ee728b)  -> (artifact id: 'a3b405fd929e13cf797ff7b6ce9f4a36') in 0.046430 seconds
  Import took 0.133567 seconds .

========================================================================
Received Import Request.
  Time since last request: 58.772713 seconds.
  path: Assets/Textures/PlayerIcon/icon_bg.png
  artifactKey: Guid(e2cbb5545741ecb49bc42c8a2ed6abd9) Importer(815301076,1909f56bfc062723c751e8b465ee728b)
Start importing Assets/Textures/PlayerIcon/icon_bg.png using Guid(e2cbb5545741ecb49bc42c8a2ed6abd9) Importer(815301076,1909f56bfc062723c751e8b465ee728b)  -> (artifact id: '6086f808a785a8818d536213f906364a') in 0.107666 seconds
  Import took 0.145559 seconds .

========================================================================
Received Import Request.
  Time since last request: 88.291390 seconds.
  path: Assets/Textures/atomic logo.png
  artifactKey: Guid(aa8bfe393c9d79142958966f299c66f6) Importer(815301076,1909f56bfc062723c751e8b465ee728b)
Start importing Assets/Textures/atomic logo.png using Guid(aa8bfe393c9d79142958966f299c66f6) Importer(815301076,1909f56bfc062723c751e8b465ee728b)  -> (artifact id: '32c734f6a287aa1596c8c8b38be6fa45') in 0.664604 seconds
  Import took 0.702627 seconds .

========================================================================
Received Import Request.
  Time since last request: 0.003999 seconds.
  path: Assets/Textures/atomic logo.png
  artifactKey: Guid(aa8bfe393c9d79142958966f299c66f6) Importer(815301076,1909f56bfc062723c751e8b465ee728b)
Start importing Assets/Textures/atomic logo.png using Guid(aa8bfe393c9d79142958966f299c66f6) Importer(815301076,1909f56bfc062723c751e8b465ee728b)  -> (artifact id: '32c734f6a287aa1596c8c8b38be6fa45') in 0.143216 seconds
  Import took 0.153995 seconds .

========================================================================
Received Prepare
Registering precompiled user dll's ...
Registered in 0.007012 seconds.
Begin MonoManager ReloadAssembly
Native extension for Lumin target not found
Native extension for LinuxStandalone target not found
Native extension for WindowsStandalone target not found
Native extension for OSXStandalone target not found
Native extension for WebGL target not found
Refreshing native plugins compatible for Editor in 0.46 ms, found 2 plugins.
Preloading 0 native plugins for Editor in 0.00 ms.
Mono: successfully reloaded assembly
- Completed reload, in  2.222 seconds
Platform modules already initialized, skipping
Refreshing native plugins compatible for Editor in 0.48 ms, found 2 plugins.
Preloading 0 native plugins for Editor in 0.00 ms.
Unloading 1471 Unused Serialized files (Serialized files now loaded: 0)
System memory in use before: 74.6 MB.
System memory in use after: 74.7 MB.

Unloading 14 unused Assets to reduce memory usage. Loaded Objects now: 1961.
Total: 3.291400 ms (FindLiveObjects: 0.351700 ms CreateObjectMapping: 0.135700 ms MarkObjects: 2.694500 ms  DeleteObjects: 0.106700 ms)

========================================================================
Received Prepare
Refreshing native plugins compatible for Editor in 5.36 ms, found 2 plugins.
Preloading 0 native plugins for Editor in 0.00 ms.
Unloading 12 Unused Serialized files (Serialized files now loaded: 0)
System memory in use before: 45.7 MB.
System memory in use after: 45.8 MB.

Unloading 12 unused Assets to reduce memory usage. Loaded Objects now: 1961.
Total: 15.304500 ms (FindLiveObjects: 0.307400 ms CreateObjectMapping: 0.136700 ms MarkObjects: 14.775300 ms  DeleteObjects: 0.083000 ms)

========================================================================
Received Prepare
Registering precompiled user dll's ...
Registered in 0.007664 seconds.
Begin MonoManager ReloadAssembly
Native extension for Lumin target not found
Native extension for LinuxStandalone target not found
Native extension for WindowsStandalone target not found
Native extension for OSXStandalone target not found
Native extension for WebGL target not found
Refreshing native plugins compatible for Editor in 0.49 ms, found 2 plugins.
Preloading 0 native plugins for Editor in 0.00 ms.
Mono: successfully reloaded assembly
- Completed reload, in  4.222 seconds
Platform modules already initialized, skipping
Refreshing native plugins compatible for Editor in 0.42 ms, found 2 plugins.
Preloading 0 native plugins for Editor in 0.00 ms.
Unloading 1471 Unused Serialized files (Serialized files now loaded: 0)
System memory in use before: 74.8 MB.
System memory in use after: 74.8 MB.

Unloading 14 unused Assets to reduce memory usage. Loaded Objects now: 1964.
Total: 2.537700 ms (FindLiveObjects: 0.183900 ms CreateObjectMapping: 0.063200 ms MarkObjects: 2.192700 ms  DeleteObjects: 0.096200 ms)

========================================================================
Received Prepare
Refreshing native plugins compatible for Editor in 3.21 ms, found 2 plugins.
Preloading 0 native plugins for Editor in 0.00 ms.
Unloading 12 Unused Serialized files (Serialized files now loaded: 0)
System memory in use before: 45.9 MB.
System memory in use after: 45.9 MB.

Unloading 12 unused Assets to reduce memory usage. Loaded Objects now: 1964.
Total: 2.976500 ms (FindLiveObjects: 0.179500 ms CreateObjectMapping: 0.060300 ms MarkObjects: 2.640800 ms  DeleteObjects: 0.093700 ms)

========================================================================
Received Prepare
Refreshing native plugins compatible for Editor in 7.42 ms, found 2 plugins.
Preloading 0 native plugins for Editor in 0.00 ms.
Unloading 12 Unused Serialized files (Serialized files now loaded: 0)
System memory in use before: 45.9 MB.
System memory in use after: 45.9 MB.

Unloading 12 unused Assets to reduce memory usage. Loaded Objects now: 1964.
Total: 4.207400 ms (FindLiveObjects: 0.321300 ms CreateObjectMapping: 0.151000 ms MarkObjects: 3.634100 ms  DeleteObjects: 0.098700 ms)

========================================================================
Received Prepare
Registering precompiled user dll's ...
Registered in 0.003853 seconds.
Begin MonoManager ReloadAssembly
Native extension for Lumin target not found
Native extension for LinuxStandalone target not found
Native extension for WindowsStandalone target not found
Native extension for OSXStandalone target not found
Native extension for WebGL target not found
Refreshing native plugins compatible for Editor in 0.45 ms, found 2 plugins.
Preloading 0 native plugins for Editor in 0.00 ms.
Mono: successfully reloaded assembly
- Completed reload, in  2.561 seconds
Platform modules already initialized, skipping
Switching build target platform(19) subTarget(0) extendedPlatform(0) -> platform(13) subTarget(524292) extendedPlatform(0)
Refreshing native plugins compatible for Editor in 0.73 ms, found 2 plugins.
Preloading 0 native plugins for Editor in 0.00 ms.
Unloading 1475 Unused Serialized files (Serialized files now loaded: 0)
System memory in use before: 74.8 MB.
System memory in use after: 74.9 MB.

Unloading 14 unused Assets to reduce memory usage. Loaded Objects now: 1967.
Total: 2.963300 ms (FindLiveObjects: 0.281400 ms CreateObjectMapping: 0.126900 ms MarkObjects: 2.385000 ms  DeleteObjects: 0.167900 ms)

AssetImportParameters requested are different than current active one (requested -> active):
  custom:graphics/normal-map-encoding: 01000000000000000000000000000000 -> 02000000000000000000000000000000
========================================================================
Received Prepare
Refreshing native plugins compatible for Editor in 9.11 ms, found 2 plugins.
Preloading 0 native plugins for Editor in 0.00 ms.
Unloading 12 Unused Serialized files (Serialized files now loaded: 0)
System memory in use before: 46.8 MB.
System memory in use after: 46.9 MB.

Unloading 12 unused Assets to reduce memory usage. Loaded Objects now: 1967.
Total: 5.143400 ms (FindLiveObjects: 0.317200 ms CreateObjectMapping: 0.122600 ms MarkObjects: 4.622800 ms  DeleteObjects: 0.079300 ms)

========================================================================
Received Prepare
Refreshing native plugins compatible for Editor in 29.94 ms, found 2 plugins.
Preloading 0 native plugins for Editor in 0.00 ms.
Unloading 12 Unused Serialized files (Serialized files now loaded: 0)
System memory in use before: 46.8 MB.
System memory in use after: 46.9 MB.

Unloading 12 unused Assets to reduce memory usage. Loaded Objects now: 1967.
Total: 4.684600 ms (FindLiveObjects: 0.315000 ms CreateObjectMapping: 0.138900 ms MarkObjects: 4.136300 ms  DeleteObjects: 0.092400 ms)

========================================================================
Received Prepare
Refreshing native plugins compatible for Editor in 6.26 ms, found 2 plugins.
Preloading 0 native plugins for Editor in 0.00 ms.
Unloading 12 Unused Serialized files (Serialized files now loaded: 0)
System memory in use before: 46.8 MB.
System memory in use after: 46.9 MB.

Unloading 12 unused Assets to reduce memory usage. Loaded Objects now: 1967.
Total: 2.914800 ms (FindLiveObjects: 0.241300 ms CreateObjectMapping: 0.074300 ms MarkObjects: 2.524800 ms  DeleteObjects: 0.073100 ms)

AssetImportWorkerClient::OnTransportError - code=2 error=End of file
